2015/01/31 22:53:15 [error] [exception.CDbException] exception 'CDbException' with message 'CDbConnection failed to open the DB connection: could not find driver' in /var/www/yii_test/yii/framework/db/CDbConnection.php:382
Stack trace:
#0 /var/www/yii_test/yii/framework/db/CDbConnection.php(330): CDbConnection->open()
#1 /var/www/yii_test/yii/framework/db/CDbConnection.php(308): CDbConnection->setActive(true)
#2 /var/www/yii_test/yii/framework/base/CModule.php(387): CDbConnection->init()
#3 /var/www/yii_test/yii/framework/base/CModule.php(103): CModule->getComponent('db')
#4 /var/www/yii_test/yii/framework/gii/generators/model/ModelCode.php(60): CModule->__get('db')
#5 /var/www/yii_test/yii/framework/web/CFormModel.php(39): ModelCode->init()
#6 /var/www/yii_test/yii/framework/gii/CCodeGenerator.php(153): CFormModel->__construct()
#7 /var/www/yii_test/yii/framework/gii/CCodeGenerator.php(63): CCodeGenerator->prepare()
#8 /var/www/yii_test/yii/framework/web/actions/CInlineAction.php(49): CCodeGenerator->actionIndex()
#9 /var/www/yii_test/yii/framework/web/CController.php(308): CInlineAction->runWithParams(Array)
#10 /var/www/yii_test/yii/framework/web/CController.php(286): CController->runAction(Object(CInlineAction))
#11 /var/www/yii_test/yii/framework/web/CController.php(265): CController->runActionWithFilters(Object(CInlineAction), Array)
#12 /var/www/yii_test/yii/framework/web/CWebApplication.php(282): CController->run('index')
#13 /var/www/yii_test/yii/framework/web/CWebApplication.php(141): CWebApplication->runController('gii/model/index')
#14 /var/www/yii_test/yii/framework/base/CApplication.php(180): CWebApplication->processRequest()
#15 /var/www/yii_test/app/index.php(13): CApplication->run()
#16 {main}
REQUEST_URI=/index.php?r=gii/model/index
HTTP_REFERER=http://yii_test.local/index.php?r=gii/default/index
---
2015/02/02 09:47:58 [error] [exception.CHttpException.404] exception 'CHttpException' with message 'Unable to find the code you requested.' in /var/www/yii_test/yii/framework/gii/CCodeGenerator.php:90
Stack trace:
#0 /var/www/yii_test/yii/framework/web/actions/CInlineAction.php(49): CCodeGenerator->actionCode()
#1 /var/www/yii_test/yii/framework/web/CController.php(308): CInlineAction->runWithParams(Array)
#2 /var/www/yii_test/yii/framework/web/CController.php(286): CController->runAction(Object(CInlineAction))
#3 /var/www/yii_test/yii/framework/web/CController.php(265): CController->runActionWithFilters(Object(CInlineAction), Array)
#4 /var/www/yii_test/yii/framework/web/CWebApplication.php(282): CController->run('code')
#5 /var/www/yii_test/yii/framework/web/CWebApplication.php(141): CWebApplication->runController('gii/form/code')
#6 /var/www/yii_test/yii/framework/base/CApplication.php(180): CWebApplication->processRequest()
#7 /var/www/yii_test/app/index.php(13): CApplication->run()
#8 {main}
REQUEST_URI=/index.php?r=gii/form/code&id=0
HTTP_REFERER=http://yii_test.local/index.php?r=gii/form/index
---
2015/02/03 22:37:39 [error] [exception.CException] exception 'CException' with message 'Property "QiwiForm.username" is not defined.' in /var/www/yii_test/yii/framework/base/CComponent.php:130
Stack trace:
#0 /var/www/yii_test/yii/framework/web/helpers/CHtml.php(2529): CComponent->__get('username')
#1 /var/www/yii_test/yii/framework/web/helpers/CHtml.php(2252): CHtml::resolveValue(Object(QiwiForm), 'username')
#2 /var/www/yii_test/yii/framework/web/helpers/CHtml.php(1434): CHtml::activeInputField('text', Object(QiwiForm), 'username', Array)
#3 /var/www/yii_test/yii/framework/web/widgets/CActiveForm.php(725): CHtml::activeTextField(Object(QiwiForm), 'username', Array)
#4 /var/www/yii_test/app/protected/views/site/login.php(29): CActiveForm->textField(Object(QiwiForm), 'username')
#5 /var/www/yii_test/yii/framework/web/CBaseController.php(126): require('/var/www/yii_te...')
#6 /var/www/yii_test/yii/framework/web/CBaseController.php(95): CBaseController->renderInternal('/var/www/yii_te...', Array, true)
#7 /var/www/yii_test/yii/framework/web/CController.php(869): CBaseController->renderFile('/var/www/yii_te...', Array, true)
#8 /var/www/yii_test/yii/framework/web/CController.php(782): CController->renderPartial('login', Array, true)
#9 /var/www/yii_test/app/protected/controllers/SiteController.php(123): CController->render('login', Array)
#10 /var/www/yii_test/yii/framework/web/actions/CInlineAction.php(49): SiteController->actionQiwi()
#11 /var/www/yii_test/yii/framework/web/CController.php(308): CInlineAction->runWithParams(Array)
#12 /var/www/yii_test/yii/framework/web/CController.php(286): CController->runAction(Object(CInlineAction))
#13 /var/www/yii_test/yii/framework/web/CController.php(265): CController->runActionWithFilters(Object(CInlineAction), Array)
#14 /var/www/yii_test/yii/framework/web/CWebApplication.php(282): CController->run('qiwi')
#15 /var/www/yii_test/yii/framework/web/CWebApplication.php(141): CWebApplication->runController('site/qiwi')
#16 /var/www/yii_test/yii/framework/base/CApplication.php(180): CWebApplication->processRequest()
#17 /var/www/yii_test/app/index.php(13): CApplication->run()
#18 {main}
REQUEST_URI=/index.php?r=site/qiwi
---
2015/02/06 15:39:15 [error] [exception.CException] exception 'CException' with message 'QiwiController cannot find the requested view "qiwi".' in /var/www/yii_test/yii/framework/web/CController.php:878
Stack trace:
#0 /var/www/yii_test/yii/framework/web/CController.php(782): CController->renderPartial('qiwi', Array, true)
#1 /var/www/yii_test/app/protected/controllers/QiwiController.php(26): CController->render('qiwi', Array)
#2 /var/www/yii_test/yii/framework/web/actions/CInlineAction.php(49): QiwiController->actionQiwi()
#3 /var/www/yii_test/yii/framework/web/CController.php(308): CInlineAction->runWithParams(Array)
#4 /var/www/yii_test/yii/framework/web/CController.php(286): CController->runAction(Object(CInlineAction))
#5 /var/www/yii_test/yii/framework/web/CController.php(265): CController->runActionWithFilters(Object(CInlineAction), Array)
#6 /var/www/yii_test/yii/framework/web/CWebApplication.php(282): CController->run('qiwi')
#7 /var/www/yii_test/yii/framework/web/CWebApplication.php(141): CWebApplication->runController('qiwi/qiwi')
#8 /var/www/yii_test/yii/framework/base/CApplication.php(180): CWebApplication->processRequest()
#9 /var/www/yii_test/app/index.php(13): CApplication->run()
#10 {main}
REQUEST_URI=/index.php?r=qiwi/qiwi
---
